0 info it worked if it ends with ok
1 verbose cli [ '/usr/local/bin/node', '/usr/local/bin/npm', 'run', 'lint' ]
2 info using npm@4.0.5
3 info using node@v6.2.2
4 verbose run-script [ 'prelint', 'lint', 'postlint' ]
5 info lifecycle express-prototype@5.0.0~prelint: express-prototype@5.0.0
6 silly lifecycle express-prototype@5.0.0~prelint: no script for prelint, continuing
7 info lifecycle express-prototype@5.0.0~lint: express-prototype@5.0.0
8 verbose lifecycle express-prototype@5.0.0~lint: unsafe-perm in lifecycle true
9 verbose lifecycle express-prototype@5.0.0~lint: PATH: /usr/local/lib/node_modules/npm/bin/node-gyp-bin:/Users/dwp/git/ejs-prototype/node_modules/.bin:/Applications/Postgres.app/Contents/Versions/latest/bin:~/apache-maven-3.3.9/bin:/usr/local/bin:/usr/bin:/bin:/usr/sbin:/sbin
10 verbose lifecycle express-prototype@5.0.0~lint: CWD: /Users/dwp/git/ejs-prototype
11 silly lifecycle express-prototype@5.0.0~lint: Args: [ '-c', 'standard' ]
12 silly lifecycle express-prototype@5.0.0~lint: Returned: code: 1  signal: null
13 info lifecycle express-prototype@5.0.0~lint: Failed to exec lint script
14 verbose stack Error: express-prototype@5.0.0 lint: `standard`
14 verbose stack Exit status 1
14 verbose stack     at EventEmitter.<anonymous> (/usr/local/lib/node_modules/npm/lib/utils/lifecycle.js:279:16)
14 verbose stack     at emitTwo (events.js:106:13)
14 verbose stack     at EventEmitter.emit (events.js:191:7)
14 verbose stack     at ChildProcess.<anonymous> (/usr/local/lib/node_modules/npm/lib/utils/spawn.js:40:14)
14 verbose stack     at emitTwo (events.js:106:13)
14 verbose stack     at ChildProcess.emit (events.js:191:7)
14 verbose stack     at maybeClose (internal/child_process.js:852:16)
14 verbose stack     at Process.ChildProcess._handle.onexit (internal/child_process.js:215:5)
15 verbose pkgid express-prototype@5.0.0
16 verbose cwd /Users/dwp/git/ejs-prototype
17 error Darwin 16.4.0
18 error argv "/usr/local/bin/node" "/usr/local/bin/npm" "run" "lint"
19 error node v6.2.2
20 error npm  v4.0.5
21 error code ELIFECYCLE
22 error express-prototype@5.0.0 lint: `standard`
22 error Exit status 1
23 error Failed at the express-prototype@5.0.0 lint script 'standard'.
23 error Make sure you have the latest version of node.js and npm installed.
23 error If you do, this is most likely a problem with the express-prototype package,
23 error not with npm itself.
23 error Tell the author that this fails on your system:
23 error     standard
23 error You can get information on how to open an issue for this project with:
23 error     npm bugs express-prototype
23 error Or if that isn't available, you can get their info via:
23 error     npm owner ls express-prototype
23 error There is likely additional logging output above.
24 verbose exit [ 1, true ]
